0 info it worked if it ends with ok
1 verbose cli [ '/Users/cokonkw2/node-v4.5.0-darwin-x64/bin/node',
1 verbose cli   '/Users/cokonkw2/node-v4.5.0-darwin-x64/bin/npm',
1 verbose cli   'start' ]
2 info using npm@3.10.6
3 info using node@v4.5.0
4 verbose run-script [ 'prestart', 'start', 'poststart' ]
5 info lifecycle parking-ace@0.0.1~prestart: parking-ace@0.0.1
6 silly lifecycle parking-ace@0.0.1~prestart: no script for prestart, continuing
7 info lifecycle parking-ace@0.0.1~start: parking-ace@0.0.1
8 verbose lifecycle parking-ace@0.0.1~start: unsafe-perm in lifecycle true
9 verbose lifecycle parking-ace@0.0.1~start: PATH: /Users/cokonkw2/node-v4.5.0-darwin-x64/lib/node_modules/npm/bin/node-gyp-bin:/Users/cokonkw2/Documents/WebstormProjects/parking-ace/node_modules/.bin:/Users/cokonkw2/mongodb/bin:/usr/local/bin:/usr/bin:/bin:/usr/sbin:/sbin:/Users/cokonkw2/node-v4.5.0-darwin-x64/bin:/Users/cokonkw2/mySQL/mysql-5.7.14-osx10.11-x86_64/bin
10 verbose lifecycle parking-ace@0.0.1~start: CWD: /Users/cokonkw2/Documents/WebstormProjects/parking-ace
11 silly lifecycle parking-ace@0.0.1~start: Args: [ '-c', 'node server' ]
12 silly lifecycle parking-ace@0.0.1~start: Returned: code: 1  signal: null
13 info lifecycle parking-ace@0.0.1~start: Failed to exec start script
14 verbose stack Error: parking-ace@0.0.1 start: `node server`
14 verbose stack Exit status 1
14 verbose stack     at EventEmitter.<anonymous> (/Users/cokonkw2/node-v4.5.0-darwin-x64/lib/node_modules/npm/lib/utils/lifecycle.js:255:16)
14 verbose stack     at emitTwo (events.js:87:13)
14 verbose stack     at EventEmitter.emit (events.js:172:7)
14 verbose stack     at ChildProcess.<anonymous> (/Users/cokonkw2/node-v4.5.0-darwin-x64/lib/node_modules/npm/lib/utils/spawn.js:40:14)
14 verbose stack     at emitTwo (events.js:87:13)
14 verbose stack     at ChildProcess.emit (events.js:172:7)
14 verbose stack     at maybeClose (internal/child_process.js:829:16)
14 verbose stack     at Process.ChildProcess._handle.onexit (internal/child_process.js:211:5)
15 verbose pkgid parking-ace@0.0.1
16 verbose cwd /Users/cokonkw2/Documents/WebstormProjects/parking-ace
17 error Darwin 15.6.0
18 error argv "/Users/cokonkw2/node-v4.5.0-darwin-x64/bin/node" "/Users/cokonkw2/node-v4.5.0-darwin-x64/bin/npm" "start"
19 error node v4.5.0
20 error npm  v3.10.6
21 error code ELIFECYCLE
22 error parking-ace@0.0.1 start: `node server`
22 error Exit status 1
23 error Failed at the parking-ace@0.0.1 start script 'node server'.
23 error Make sure you have the latest version of node.js and npm installed.
23 error If you do, this is most likely a problem with the parking-ace package,
23 error not with npm itself.
23 error Tell the author that this fails on your system:
23 error     node server
23 error You can get information on how to open an issue for this project with:
23 error     npm bugs parking-ace
23 error Or if that isn't available, you can get their info via:
23 error     npm owner ls parking-ace
23 error There is likely additional logging output above.
24 verbose exit [ 1, true ]
